<?xml version="1.0" encoding="UTF-8"?>
<testsuite xmlns:xsi="http://www.w3.org/2001/XMLSchema-instance" xsi:noNamespaceSchemaLocation="https://maven.apache.org/surefire/maven-surefire-plugin/xsd/surefire-test-report.xsd" name="org.example.ProductServiceTest" time="0.039" tests="5" errors="0" skipped="0" failures="0">
  <properties>
[...]
</properties>
  <testcase name="testShowProducts" classname="org.example.ProductServiceTest" time="0.022"/>
  <testcase name="testFindProductList" classname="org.example.ProductServiceTest" time="0"/>
  <testcase name="testFindSize" classname="org.example.ProductServiceTest" time="0.002"/>
  <testcase name="testFindDiscount1" classname="org.example.ProductServiceTest" time="0.002"/>
  <testcase name="testFindDiscount2" classname="org.example.ProductServiceTest" time="0.001"/>
</testsuite>